c:\users\luckd\source\repos\flappy bird\flappy bird\debug\vc141.pdb
c:\users\luckd\source\repos\flappy bird\flappy bird\debug\vc141.idb
c:\users\luckd\source\repos\flappy bird\flappy bird\debug\source.obj
c:\users\luckd\source\repos\flappy bird\flappy bird\debug\bird.obj
c:\users\luckd\source\repos\flappy bird\flappy bird\debug\tube.obj
c:\users\luckd\source\repos\flappy bird\flappy bird\debug\keyboard_mouse.obj
c:\users\luckd\source\repos\flappy bird\flappy bird\debug\game.obj
c:\users\luckd\source\repos\flappy bird\flappy bird\debug\math_handler.obj
c:\users\luckd\source\repos\flappy bird\flappy bird\debug\scoreboard.obj
c:\users\luckd\source\repos\flappy bird\flappy bird\debug\file_handler.obj
c:\users\luckd\source\repos\flappy bird\flappy bird\debug\string_handler.obj
c:\users\luckd\source\repos\flappy bird\flappy bird\debug\button.obj
c:\users\luckd\source\repos\flappy bird\debug\flappy bird.exe
c:\users\luckd\source\repos\flappy bird\debug\flappy bird.ilk
c:\users\luckd\source\repos\flappy bird\debug\flappy bird.pdb
c:\users\luckd\source\repos\flappy bird\flappy bird\debug\scoreboard.obj.enc
c:\users\luckd\source\repos\flappy bird\flappy bird\debug\source.obj.enc
c:\users\luckd\source\repos\flappy bird\flappy bird\debug\flappy bird.tlog\cl.command.1.tlog
c:\users\luckd\source\repos\flappy bird\flappy bird\debug\flappy bird.tlog\cl.read.1.tlog
c:\users\luckd\source\repos\flappy bird\flappy bird\debug\flappy bird.tlog\cl.write.1.tlog
c:\users\luckd\source\repos\flappy bird\flappy bird\debug\flappy bird.tlog\link.command.1.tlog
c:\users\luckd\source\repos\flappy bird\flappy bird\debug\flappy bird.tlog\link.read.1.tlog
c:\users\luckd\source\repos\flappy bird\flappy bird\debug\flappy bird.tlog\link.write.1.tlog
